<?xml version="1.0" encoding="UTF-8"?>
<testng-results ignored="0" total="1" passed="1" failed="0" skipped="0">
  <reporter-output>
  </reporter-output>
  <suite started-at="2023-04-11T13:51:57 IST" name="Suite" finished-at="2023-04-11T13:52:23 IST" duration-ms="25236">
    <groups>
    </groups>
    <test started-at="2023-04-11T13:51:57 IST" name="Test" finished-at="2023-04-11T13:52:23 IST" duration-ms="25236">
      <class name="Login.login_Simpler">
        <test-method is-config="true" signature="launchdriver()[pri:0, instance:Login.login_Simpler@31190526]" started-at="2023-04-11T13:51:58 IST" name="launchdriver" finished-at="2023-04-11T13:52:20 IST" duration-ms="22653" status="PASS">
          <reporter-output>
          </reporter-output>
        </test-method> <!-- launchdriver -->
        <test-method signature="login()[pri:0, instance:Login.login_Simpler@31190526]" started-at="2023-04-11T13:52:20 IST" name="login" finished-at="2023-04-11T13:52:23 IST" duration-ms="2531" status="PASS">
          <reporter-output>
          </reporter-output>
        </test-method> <!-- login -->
      </class> <!-- Login.login_Simpler -->
    </test> <!-- Test -->
  </suite> <!-- Suite -->
</testng-results>
